   0  $accept : %entry% $end

   1  program : decls EOF

   2  decls :
   3        | decls vdecl
   4        | decls fdecl

   5  fdecl : FUN typ ID LPAREN formals_opt RPAREN LBRACE vdecl_list stmt_list RBRACE

   6  formals_opt :
   7              | formal_list

   8  formal_list : typ ID
   9              | formal_list COMMA typ ID

  10  typ : INT
  11      | STR
  12      | NODE
  13      | EDGE
  14      | GRAPH
  15      | BOOL
  16      | LIST
  17      | DICT

  18  vdecl_list :
  19             | vdecl_list vdecl

  20  vdecl : typ ID SEMI
  21        | typ ID ASSIGN expr SEMI

  22  stmt_list : stmt
  23            | stmt_list stmt

  24  stmt : expr SEMI
  25       | RETURN expr_opt SEMI
  26       | LBRACE stmt_list RBRACE
  27       | IF LPAREN expr RPAREN stmt
  28       | IF LPAREN expr RPAREN stmt ELSE stmt
  29       | EACH LPAREN expr RPAREN stmt
  30       | WHILE LPAREN expr RPAREN stmt

  31  expr_opt :
  32           | expr

  33  expr : INT_LIT
  34       | FLOAT_LIT
  35       | STR_LIT
  36       | TRUE
  37       | FALSE
  38       | ID
  39       | GRAPS graph_opt GRAPE
  40       | expr PLUS expr
  41       | expr MINUS expr
  42       | expr TIMES expr
  43       | expr DIVIDE expr
  44       | expr EQ expr
  45       | expr NEQ expr
  46       | expr LT expr
  47       | expr LEQ expr
  48       | expr GT expr
  49       | expr GEQ expr
  50       | expr AND expr
  51       | expr OR expr
  52       | expr EXP expr
  53       | expr MOD expr
  54       | expr AMP expr
  55       | MINUS expr
  56       | NOT expr
  57       | ID ASSIGN expr
  58       | ID LPAREN actuals_opt RPAREN
  59       | LPAREN expr RPAREN
  60       | LBRACK actuals_opt RBRACK
  61       | LBRACE dict_opt RBRACE
  62       | DIVIDE graph_template DIVIDE IN ID
  63       | dirEdgeExpr
  64       | edgeExpr
  65       | nodeExpr

  66  dirEdgeExpr : UNDS expr UNDS dirEdgeExpr2

  67  edgeExpr : UNDS expr UNDS

  68  dirEdgeExpr2 : GT

  69  nodeExpr : SQUOT expr SQUOT

  70  actuals_opt :
  71              | actuals_list

  72  actuals_list : expr
  73               | actuals_list COMMA expr

  74  dict_opt : dict_list

  75  dict_list : STR_LIT COLON expr
  76            | dict_list COMMA STR_LIT COLON expr

  77  graph_opt :
  78            | graph_list

  79  graph_list : nodeExpr
  80             | graph_list COMMA path_list

  81  path_list : nodeExpr
  82            | path_list edgeExpr nodeExpr

  83  graph_template : edgeExpr
  84                 | path_list

  85  %entry% : '\001' program

state 0
	$accept : . %entry% $end  (0)

	'\001'  shift 1
	.  error

	%entry%  goto 2


state 1
	%entry% : '\001' . program  (85)
	decls : .  (2)

	.  reduce 2

	program  goto 3
	decls  goto 4


state 2
	$accept : %entry% . $end  (0)

	$end  accept


state 3
	%entry% : '\001' program .  (85)

	.  reduce 85


state 4
	program : decls . EOF  (1)
	decls : decls . vdecl  (3)
	decls : decls . fdecl  (4)

	FUN  shift 5
	INT  shift 6
	NODE  shift 7
	EDGE  shift 8
	GRAPH  shift 9
	STR  shift 10
	BOOL  shift 11
	LIST  shift 12
	DICT  shift 13
	EOF  shift 14
	.  error

	vdecl  goto 15
	fdecl  goto 16
	typ  goto 17


state 5
	fdecl : FUN . typ ID LPAREN formals_opt RPAREN LBRACE vdecl_list stmt_list RBRACE  (5)

	INT  shift 6
	NODE  shift 7
	EDGE  shift 8
	GRAPH  shift 9
	STR  shift 10
	BOOL  shift 11
	LIST  shift 12
	DICT  shift 13
	.  error

	typ  goto 18


state 6
	typ : INT .  (10)

	.  reduce 10


state 7
	typ : NODE .  (12)

	.  reduce 12


state 8
	typ : EDGE .  (13)

	.  reduce 13


state 9
	typ : GRAPH .  (14)

	.  reduce 14


state 10
	typ : STR .  (11)

	.  reduce 11


state 11
	typ : BOOL .  (15)

	.  reduce 15


state 12
	typ : LIST .  (16)

	.  reduce 16


state 13
	typ : DICT .  (17)

	.  reduce 17


state 14
	program : decls EOF .  (1)

	.  reduce 1


state 15
	decls : decls vdecl .  (3)

	.  reduce 3


state 16
	decls : decls fdecl .  (4)

	.  reduce 4


state 17
	vdecl : typ . ID SEMI  (20)
	vdecl : typ . ID ASSIGN expr SEMI  (21)

	ID  shift 19
	.  error


state 18
	fdecl : FUN typ . ID LPAREN formals_opt RPAREN LBRACE vdecl_list stmt_list RBRACE  (5)

	ID  shift 20
	.  error


state 19
	vdecl : typ ID . SEMI  (20)
	vdecl : typ ID . ASSIGN expr SEMI  (21)

	SEMI  shift 21
	ASSIGN  shift 22
	.  error


state 20
	fdecl : FUN typ ID . LPAREN formals_opt RPAREN LBRACE vdecl_list stmt_list RBRACE  (5)

	LPAREN  shift 23
	.  error


state 21
	vdecl : typ ID SEMI .  (20)

	.  reduce 20


state 22
	vdecl : typ ID ASSIGN . expr SEMI  (21)

	LPAREN  shift 24
	LBRACE  shift 25
	LBRACK  shift 26
	GRAPS  shift 27
	SQUOT  shift 28
	UNDS  shift 29
	MINUS  shift 30
	DIVIDE  shift 31
	NOT  shift 32
	TRUE  shift 33
	FALSE  shift 34
	INT_LIT  shift 35
	FLOAT_LIT  shift 36
	STR_LIT  shift 37
	ID  shift 38
	.  error

	expr  goto 39
	dirEdgeExpr  goto 40
	edgeExpr  goto 41
	nodeExpr  goto 42


state 23
	fdecl : FUN typ ID LPAREN . formals_opt RPAREN LBRACE vdecl_list stmt_list RBRACE  (5)
	formals_opt : .  (6)

	INT  shift 6
	NODE  shift 7
	EDGE  shift 8
	GRAPH  shift 9
	STR  shift 10
	BOOL  shift 11
	LIST  shift 12
	DICT  shift 13
	RPAREN  reduce 6

	typ  goto 43
	formals_opt  goto 44
	formal_list  goto 45


state 24
	expr : LPAREN . expr RPAREN  (59)

	LPAREN  shift 24
	LBRACE  shift 25
	LBRACK  shift 26
	GRAPS  shift 27
	SQUOT  shift 28
	UNDS  shift 29
	MINUS  shift 30
	DIVIDE  shift 31
	NOT  shift 32
	TRUE  shift 33
	FALSE  shift 34
	INT_LIT  shift 35
	FLOAT_LIT  shift 36
	STR_LIT  shift 37
	ID  shift 38
	.  error

	expr  goto 46
	dirEdgeExpr  goto 40
	edgeExpr  goto 41
	nodeExpr  goto 42


state 25
	expr : LBRACE . dict_opt RBRACE  (61)

	STR_LIT  shift 47
	.  error

	dict_opt  goto 48
	dict_list  goto 49


state 26
	expr : LBRACK . actuals_opt RBRACK  (60)
	actuals_opt : .  (70)

	LPAREN  shift 24
	LBRACE  shift 25
	LBRACK  shift 26
	GRAPS  shift 27
	SQUOT  shift 28
	UNDS  shift 29
	MINUS  shift 30
	DIVIDE  shift 31
	NOT  shift 32
	TRUE  shift 33
	FALSE  shift 34
	INT_LIT  shift 35
	FLOAT_LIT  shift 36
	STR_LIT  shift 37
	ID  shift 38
	RBRACK  reduce 70

	expr  goto 50
	actuals_opt  goto 51
	dirEdgeExpr  goto 40
	edgeExpr  goto 41
	nodeExpr  goto 42
	actuals_list  goto 52


state 27
	expr : GRAPS . graph_opt GRAPE  (39)
	graph_opt : .  (77)

	SQUOT  shift 28
	GRAPE  reduce 77

	graph_opt  goto 53
	nodeExpr  goto 54
	graph_list  goto 55


state 28
	nodeExpr : SQUOT . expr SQUOT  (69)

	LPAREN  shift 24
	LBRACE  shift 25
	LBRACK  shift 26
	GRAPS  shift 27
	SQUOT  shift 28
	UNDS  shift 29
	MINUS  shift 30
	DIVIDE  shift 31
	NOT  shift 32
	TRUE  shift 33
	FALSE  shift 34
	INT_LIT  shift 35
	FLOAT_LIT  shift 36
	STR_LIT  shift 37
	ID  shift 38
	.  error

	expr  goto 56
	dirEdgeExpr  goto 40
	edgeExpr  goto 41
	nodeExpr  goto 42


state 29
	dirEdgeExpr : UNDS . expr UNDS dirEdgeExpr2  (66)
	edgeExpr : UNDS . expr UNDS  (67)

	LPAREN  shift 24
	LBRACE  shift 25
	LBRACK  shift 26
	GRAPS  shift 27
	SQUOT  shift 28
	UNDS  shift 29
	MINUS  shift 30
	DIVIDE  shift 31
	NOT  shift 32
	TRUE  shift 33
	FALSE  shift 34
	INT_LIT  shift 35
	FLOAT_LIT  shift 36
	STR_LIT  shift 37
	ID  shift 38
	.  error

	expr  goto 57
	dirEdgeExpr  goto 40
	edgeExpr  goto 41
	nodeExpr  goto 42


state 30
	expr : MINUS . expr  (55)

	LPAREN  shift 24
	LBRACE  shift 25
	LBRACK  shift 26
	GRAPS  shift 27
	SQUOT  shift 28
	UNDS  shift 29
	MINUS  shift 30
	DIVIDE  shift 31
	NOT  shift 32
	TRUE  shift 33
	FALSE  shift 34
	INT_LIT  shift 35
	FLOAT_LIT  shift 36
	STR_LIT  shift 37
	ID  shift 38
	.  error

	expr  goto 58
	dirEdgeExpr  goto 40
	edgeExpr  goto 41
	nodeExpr  goto 42


state 31
	expr : DIVIDE . graph_template DIVIDE IN ID  (62)

	SQUOT  shift 28
	UNDS  shift 59
	.  error

	graph_template  goto 60
	edgeExpr  goto 61
	nodeExpr  goto 62
	path_list  goto 63


state 32
	expr : NOT . expr  (56)

	LPAREN  shift 24
	LBRACE  shift 25
	LBRACK  shift 26
	GRAPS  shift 27
	SQUOT  shift 28
	UNDS  shift 29
	MINUS  shift 30
	DIVIDE  shift 31
	NOT  shift 32
	TRUE  shift 33
	FALSE  shift 34
	INT_LIT  shift 35
	FLOAT_LIT  shift 36
	STR_LIT  shift 37
	ID  shift 38
	.  error

	expr  goto 64
	dirEdgeExpr  goto 40
	edgeExpr  goto 41
	nodeExpr  goto 42


state 33
	expr : TRUE .  (36)

	.  reduce 36


state 34
	expr : FALSE .  (37)

	.  reduce 37


state 35
	expr : INT_LIT .  (33)

	.  reduce 33


state 36
	expr : FLOAT_LIT .  (34)

	.  reduce 34


state 37
	expr : STR_LIT .  (35)

	.  reduce 35


state 38
	expr : ID .  (38)
	expr : ID . ASSIGN expr  (57)
	expr : ID . LPAREN actuals_opt RPAREN  (58)

	LPAREN  shift 65
	ASSIGN  shift 66
	SEMI  reduce 38
	RPAREN  reduce 38
	RBRACE  reduce 38
	COMMA  reduce 38
	RBRACK  reduce 38
	SQUOT  reduce 38
	UNDS  reduce 38
	PLUS  reduce 38
	MINUS  reduce 38
	TIMES  reduce 38
	EXP  reduce 38
	DIVIDE  reduce 38
	MOD  reduce 38
	AMP  reduce 38
	EQ  reduce 38
	NEQ  reduce 38
	LT  reduce 38
	LEQ  reduce 38
	GT  reduce 38
	GEQ  reduce 38
	AND  reduce 38
	OR  reduce 38


state 39
	vdecl : typ ID ASSIGN expr . SEMI  (21)
	expr : expr . PLUS expr  (40)
	expr : expr . MINUS expr  (41)
	expr : expr . TIMES expr  (42)
	expr : expr . DIVIDE expr  (43)
	expr : expr . EQ expr  (44)
	expr : expr . NEQ expr  (45)
	expr : expr . LT expr  (46)
	expr : expr . LEQ expr  (47)
	expr : expr . GT expr  (48)
	expr : expr . GEQ expr  (49)
	expr : expr . AND expr  (50)
	expr : expr . OR expr  (51)
	expr : expr . EXP expr  (52)
	expr : expr . MOD expr  (53)
	expr : expr . AMP expr  (54)

	SEMI  shift 67
	PLUS  shift 68
	MINUS  shift 69
	TIMES  shift 70
	EXP  shift 71
	DIVIDE  shift 72
	MOD  shift 73
	AMP  shift 74
	EQ  shift 75
	NEQ  shift 76
	LT  shift 77
	LEQ  shift 78
	GT  shift 79
	GEQ  shift 80
	AND  shift 81
	OR  shift 82
	.  error


state 40
	expr : dirEdgeExpr .  (63)

	.  reduce 63


state 41
	expr : edgeExpr .  (64)

	.  reduce 64


state 42
	expr : nodeExpr .  (65)

	.  reduce 65


state 43
	formal_list : typ . ID  (8)

	ID  shift 83
	.  error


state 44
	fdecl : FUN typ ID LPAREN formals_opt . RPAREN LBRACE vdecl_list stmt_list RBRACE  (5)

	RPAREN  shift 84
	.  error


state 45
	formals_opt : formal_list .  (7)
	formal_list : formal_list . COMMA typ ID  (9)

	COMMA  shift 85
	RPAREN  reduce 7


state 46
	expr : expr . PLUS expr  (40)
	expr : expr . MINUS expr  (41)
	expr : expr . TIMES expr  (42)
	expr : expr . DIVIDE expr  (43)
	expr : expr . EQ expr  (44)
	expr : expr . NEQ expr  (45)
	expr : expr . LT expr  (46)
	expr : expr . LEQ expr  (47)
	expr : expr . GT expr  (48)
	expr : expr . GEQ expr  (49)
	expr : expr . AND expr  (50)
	expr : expr . OR expr  (51)
	expr : expr . EXP expr  (52)
	expr : expr . MOD expr  (53)
	expr : expr . AMP expr  (54)
	expr : LPAREN expr . RPAREN  (59)

	RPAREN  shift 86
	PLUS  shift 68
	MINUS  shift 69
	TIMES  shift 70
	EXP  shift 71
	DIVIDE  shift 72
	MOD  shift 73
	AMP  shift 74
	EQ  shift 75
	NEQ  shift 76
	LT  shift 77
	LEQ  shift 78
	GT  shift 79
	GEQ  shift 80
	AND  shift 81
	OR  shift 82
	.  error


state 47
	dict_list : STR_LIT . COLON expr  (75)

	COLON  shift 87
	.  error


state 48
	expr : LBRACE dict_opt . RBRACE  (61)

	RBRACE  shift 88
	.  error


state 49
	dict_opt : dict_list .  (74)
	dict_list : dict_list . COMMA STR_LIT COLON expr  (76)

	COMMA  shift 89
	RBRACE  reduce 74


state 50
	expr : expr . PLUS expr  (40)
	expr : expr . MINUS expr  (41)
	expr : expr . TIMES expr  (42)
	expr : expr . DIVIDE expr  (43)
	expr : expr . EQ expr  (44)
	expr : expr . NEQ expr  (45)
	expr : expr . LT expr  (46)
	expr : expr . LEQ expr  (47)
	expr : expr . GT expr  (48)
	expr : expr . GEQ expr  (49)
	expr : expr . AND expr  (50)
	expr : expr . OR expr  (51)
	expr : expr . EXP expr  (52)
	expr : expr . MOD expr  (53)
	expr : expr . AMP expr  (54)
	actuals_list : expr .  (72)

	PLUS  shift 68
	MINUS  shift 69
	TIMES  shift 70
	EXP  shift 71
	DIVIDE  shift 72
	MOD  shift 73
	AMP  shift 74
	EQ  shift 75
	NEQ  shift 76
	LT  shift 77
	LEQ  shift 78
	GT  shift 79
	GEQ  shift 80
	AND  shift 81
	OR  shift 82
	RPAREN  reduce 72
	COMMA  reduce 72
	RBRACK  reduce 72


state 51
	expr : LBRACK actuals_opt . RBRACK  (60)

	RBRACK  shift 90
	.  error


state 52
	actuals_opt : actuals_list .  (71)
	actuals_list : actuals_list . COMMA expr  (73)

	COMMA  shift 91
	RPAREN  reduce 71
	RBRACK  reduce 71


state 53
	expr : GRAPS graph_opt . GRAPE  (39)

	GRAPE  shift 92
	.  error


state 54
	graph_list : nodeExpr .  (79)

	.  reduce 79


state 55
	graph_opt : graph_list .  (78)
	graph_list : graph_list . COMMA path_list  (80)

	COMMA  shift 93
	GRAPE  reduce 78


state 56
	expr : expr . PLUS expr  (40)
	expr : expr . MINUS expr  (41)
	expr : expr . TIMES expr  (42)
	expr : expr . DIVIDE expr  (43)
	expr : expr . EQ expr  (44)
	expr : expr . NEQ expr  (45)
	expr : expr . LT expr  (46)
	expr : expr . LEQ expr  (47)
	expr : expr . GT expr  (48)
	expr : expr . GEQ expr  (49)
	expr : expr . AND expr  (50)
	expr : expr . OR expr  (51)
	expr : expr . EXP expr  (52)
	expr : expr . MOD expr  (53)
	expr : expr . AMP expr  (54)
	nodeExpr : SQUOT expr . SQUOT  (69)

	SQUOT  shift 94
	PLUS  shift 68
	MINUS  shift 69
	TIMES  shift 70
	EXP  shift 71
	DIVIDE  shift 72
	MOD  shift 73
	AMP  shift 74
	EQ  shift 75
	NEQ  shift 76
	LT  shift 77
	LEQ  shift 78
	GT  shift 79
	GEQ  shift 80
	AND  shift 81
	OR  shift 82
	.  error


state 57
	expr : expr . PLUS expr  (40)
	expr : expr . MINUS expr  (41)
	expr : expr . TIMES expr  (42)
	expr : expr . DIVIDE expr  (43)
	expr : expr . EQ expr  (44)
	expr : expr . NEQ expr  (45)
	expr : expr . LT expr  (46)
	expr : expr . LEQ expr  (47)
	expr : expr . GT expr  (48)
	expr : expr . GEQ expr  (49)
	expr : expr . AND expr  (50)
	expr : expr . OR expr  (51)
	expr : expr . EXP expr  (52)
	expr : expr . MOD expr  (53)
	expr : expr . AMP expr  (54)
	dirEdgeExpr : UNDS expr . UNDS dirEdgeExpr2  (66)
	edgeExpr : UNDS expr . UNDS  (67)

	UNDS  shift 95
	PLUS  shift 68
	MINUS  shift 69
	TIMES  shift 70
	EXP  shift 71
	DIVIDE  shift 72
	MOD  shift 73
	AMP  shift 74
	EQ  shift 75
	NEQ  shift 76
	LT  shift 77
	LEQ  shift 78
	GT  shift 79
	GEQ  shift 80
	AND  shift 81
	OR  shift 82
	.  error


state 58
	expr : expr . PLUS expr  (40)
	expr : expr . MINUS expr  (41)
	expr : expr . TIMES expr  (42)
	expr : expr . DIVIDE expr  (43)
	expr : expr . EQ expr  (44)
	expr : expr . NEQ expr  (45)
	expr : expr . LT expr  (46)
	expr : expr . LEQ expr  (47)
	expr : expr . GT expr  (48)
	expr : expr . GEQ expr  (49)
	expr : expr . AND expr  (50)
	expr : expr . OR expr  (51)
	expr : expr . EXP expr  (52)
	expr : expr . MOD expr  (53)
	expr : expr . AMP expr  (54)
	expr : MINUS expr .  (55)

	.  reduce 55


state 59
	edgeExpr : UNDS . expr UNDS  (67)

	LPAREN  shift 24
	LBRACE  shift 25
	LBRACK  shift 26
	GRAPS  shift 27
	SQUOT  shift 28
	UNDS  shift 29
	MINUS  shift 30
	DIVIDE  shift 31
	NOT  shift 32
	TRUE  shift 33
	FALSE  shift 34
	INT_LIT  shift 35
	FLOAT_LIT  shift 36
	STR_LIT  shift 37
	ID  shift 38
	.  error

	expr  goto 96
	dirEdgeExpr  goto 40
	edgeExpr  goto 41
	nodeExpr  goto 42


state 60
	expr : DIVIDE graph_template . DIVIDE IN ID  (62)

	DIVIDE  shift 97
	.  error


state 61
	graph_template : edgeExpr .  (83)

	.  reduce 83


state 62
	path_list : nodeExpr .  (81)

	.  reduce 81


state 63
	path_list : path_list . edgeExpr nodeExpr  (82)
	graph_template : path_list .  (84)

	UNDS  shift 59
	DIVIDE  reduce 84

	edgeExpr  goto 98


state 64
	expr : expr . PLUS expr  (40)
	expr : expr . MINUS expr  (41)
	expr : expr . TIMES expr  (42)
	expr : expr . DIVIDE expr  (43)
	expr : expr . EQ expr  (44)
	expr : expr . NEQ expr  (45)
	expr : expr . LT expr  (46)
	expr : expr . LEQ expr  (47)
	expr : expr . GT expr  (48)
	expr : expr . GEQ expr  (49)
	expr : expr . AND expr  (50)
	expr : expr . OR expr  (51)
	expr : expr . EXP expr  (52)
	expr : expr . MOD expr  (53)
	expr : expr . AMP expr  (54)
	expr : NOT expr .  (56)

	.  reduce 56


state 65
	expr : ID LPAREN . actuals_opt RPAREN  (58)
	actuals_opt : .  (70)

	LPAREN  shift 24
	LBRACE  shift 25
	LBRACK  shift 26
	GRAPS  shift 27
	SQUOT  shift 28
	UNDS  shift 29
	MINUS  shift 30
	DIVIDE  shift 31
	NOT  shift 32
	TRUE  shift 33
	FALSE  shift 34
	INT_LIT  shift 35
	FLOAT_LIT  shift 36
	STR_LIT  shift 37
	ID  shift 38
	RPAREN  reduce 70

	expr  goto 50
	actuals_opt  goto 99
	dirEdgeExpr  goto 40
	edgeExpr  goto 41
	nodeExpr  goto 42
	actuals_list  goto 52


state 66
	expr : ID ASSIGN . expr  (57)

	LPAREN  shift 24
	LBRACE  shift 25
	LBRACK  shift 26
	GRAPS  shift 27
	SQUOT  shift 28
	UNDS  shift 29
	MINUS  shift 30
	DIVIDE  shift 31
	NOT  shift 32
	TRUE  shift 33
	FALSE  shift 34
	INT_LIT  shift 35
	FLOAT_LIT  shift 36
	STR_LIT  shift 37
	ID  shift 38
	.  error

	expr  goto 100
	dirEdgeExpr  goto 40
	edgeExpr  goto 41
	nodeExpr  goto 42


state 67
	vdecl : typ ID ASSIGN expr SEMI .  (21)

	.  reduce 21


state 68
	expr : expr PLUS . expr  (40)

	LPAREN  shift 24
	LBRACE  shift 25
	LBRACK  shift 26
	GRAPS  shift 27
	SQUOT  shift 28
	UNDS  shift 29
	MINUS  shift 30
	DIVIDE  shift 31
	NOT  shift 32
	TRUE  shift 33
	FALSE  shift 34
	INT_LIT  shift 35
	FLOAT_LIT  shift 36
	STR_LIT  shift 37
	ID  shift 38
	.  error

	expr  goto 101
	dirEdgeExpr  goto 40
	edgeExpr  goto 41
	nodeExpr  goto 42


state 69
	expr : expr MINUS . expr  (41)

	LPAREN  shift 24
	LBRACE  shift 25
	LBRACK  shift 26
	GRAPS  shift 27
	SQUOT  shift 28
	UNDS  shift 29
	MINUS  shift 30
	DIVIDE  shift 31
	NOT  shift 32
	TRUE  shift 33
	FALSE  shift 34
	INT_LIT  shift 35
	FLOAT_LIT  shift 36
	STR_LIT  shift 37
	ID  shift 38
	.  error

	expr  goto 102
	dirEdgeExpr  goto 40
	edgeExpr  goto 41
	nodeExpr  goto 42


state 70
	expr : expr TIMES . expr  (42)

	LPAREN  shift 24
	LBRACE  shift 25
	LBRACK  shift 26
	GRAPS  shift 27
	SQUOT  shift 28
	UNDS  shift 29
	MINUS  shift 30
	DIVIDE  shift 31
	NOT  shift 32
	TRUE  shift 33
	FALSE  shift 34
	INT_LIT  shift 35
	FLOAT_LIT  shift 36
	STR_LIT  shift 37
	ID  shift 38
	.  error

	expr  goto 103
	dirEdgeExpr  goto 40
	edgeExpr  goto 41
	nodeExpr  goto 42


state 71
	expr : expr EXP . expr  (52)

	LPAREN  shift 24
	LBRACE  shift 25
	LBRACK  shift 26
	GRAPS  shift 27
	SQUOT  shift 28
	UNDS  shift 29
	MINUS  shift 30
	DIVIDE  shift 31
	NOT  shift 32
	TRUE  shift 33
	FALSE  shift 34
	INT_LIT  shift 35
	FLOAT_LIT  shift 36
	STR_LIT  shift 37
	ID  shift 38
	.  error

	expr  goto 104
	dirEdgeExpr  goto 40
	edgeExpr  goto 41
	nodeExpr  goto 42


state 72
	expr : expr DIVIDE . expr  (43)

	LPAREN  shift 24
	LBRACE  shift 25
	LBRACK  shift 26
	GRAPS  shift 27
	SQUOT  shift 28
	UNDS  shift 29
	MINUS  shift 30
	DIVIDE  shift 31
	NOT  shift 32
	TRUE  shift 33
	FALSE  shift 34
	INT_LIT  shift 35
	FLOAT_LIT  shift 36
	STR_LIT  shift 37
	ID  shift 38
	.  error

	expr  goto 105
	dirEdgeExpr  goto 40
	edgeExpr  goto 41
	nodeExpr  goto 42


state 73
	expr : expr MOD . expr  (53)

	LPAREN  shift 24
	LBRACE  shift 25
	LBRACK  shift 26
	GRAPS  shift 27
	SQUOT  shift 28
	UNDS  shift 29
	MINUS  shift 30
	DIVIDE  shift 31
	NOT  shift 32
	TRUE  shift 33
	FALSE  shift 34
	INT_LIT  shift 35
	FLOAT_LIT  shift 36
	STR_LIT  shift 37
	ID  shift 38
	.  error

	expr  goto 106
	dirEdgeExpr  goto 40
	edgeExpr  goto 41
	nodeExpr  goto 42


state 74
	expr : expr AMP . expr  (54)

	LPAREN  shift 24
	LBRACE  shift 25
	LBRACK  shift 26
	GRAPS  shift 27
	SQUOT  shift 28
	UNDS  shift 29
	MINUS  shift 30
	DIVIDE  shift 31
	NOT  shift 32
	TRUE  shift 33
	FALSE  shift 34
	INT_LIT  shift 35
	FLOAT_LIT  shift 36
	STR_LIT  shift 37
	ID  shift 38
	.  error

	expr  goto 107
	dirEdgeExpr  goto 40
	edgeExpr  goto 41
	nodeExpr  goto 42


state 75
	expr : expr EQ . expr  (44)

	LPAREN  shift 24
	LBRACE  shift 25
	LBRACK  shift 26
	GRAPS  shift 27
	SQUOT  shift 28
	UNDS  shift 29
	MINUS  shift 30
	DIVIDE  shift 31
	NOT  shift 32
	TRUE  shift 33
	FALSE  shift 34
	INT_LIT  shift 35
	FLOAT_LIT  shift 36
	STR_LIT  shift 37
	ID  shift 38
	.  error

	expr  goto 108
	dirEdgeExpr  goto 40
	edgeExpr  goto 41
	nodeExpr  goto 42


state 76
	expr : expr NEQ . expr  (45)

	LPAREN  shift 24
	LBRACE  shift 25
	LBRACK  shift 26
	GRAPS  shift 27
	SQUOT  shift 28
	UNDS  shift 29
	MINUS  shift 30
	DIVIDE  shift 31
	NOT  shift 32
	TRUE  shift 33
	FALSE  shift 34
	INT_LIT  shift 35
	FLOAT_LIT  shift 36
	STR_LIT  shift 37
	ID  shift 38
	.  error

	expr  goto 109
	dirEdgeExpr  goto 40
	edgeExpr  goto 41
	nodeExpr  goto 42


state 77
	expr : expr LT . expr  (46)

	LPAREN  shift 24
	LBRACE  shift 25
	LBRACK  shift 26
	GRAPS  shift 27
	SQUOT  shift 28
	UNDS  shift 29
	MINUS  shift 30
	DIVIDE  shift 31
	NOT  shift 32
	TRUE  shift 33
	FALSE  shift 34
	INT_LIT  shift 35
	FLOAT_LIT  shift 36
	STR_LIT  shift 37
	ID  shift 38
	.  error

	expr  goto 110
	dirEdgeExpr  goto 40
	edgeExpr  goto 41
	nodeExpr  goto 42


state 78
	expr : expr LEQ . expr  (47)

	LPAREN  shift 24
	LBRACE  shift 25
	LBRACK  shift 26
	GRAPS  shift 27
	SQUOT  shift 28
	UNDS  shift 29
	MINUS  shift 30
	DIVIDE  shift 31
	NOT  shift 32
	TRUE  shift 33
	FALSE  shift 34
	INT_LIT  shift 35
	FLOAT_LIT  shift 36
	STR_LIT  shift 37
	ID  shift 38
	.  error

	expr  goto 111
	dirEdgeExpr  goto 40
	edgeExpr  goto 41
	nodeExpr  goto 42


state 79
	expr : expr GT . expr  (48)

	LPAREN  shift 24
	LBRACE  shift 25
	LBRACK  shift 26
	GRAPS  shift 27
	SQUOT  shift 28
	UNDS  shift 29
	MINUS  shift 30
	DIVIDE  shift 31
	NOT  shift 32
	TRUE  shift 33
	FALSE  shift 34
	INT_LIT  shift 35
	FLOAT_LIT  shift 36
	STR_LIT  shift 37
	ID  shift 38
	.  error

	expr  goto 112
	dirEdgeExpr  goto 40
	edgeExpr  goto 41
	nodeExpr  goto 42


state 80
	expr : expr GEQ . expr  (49)

	LPAREN  shift 24
	LBRACE  shift 25
	LBRACK  shift 26
	GRAPS  shift 27
	SQUOT  shift 28
	UNDS  shift 29
	MINUS  shift 30
	DIVIDE  shift 31
	NOT  shift 32
	TRUE  shift 33
	FALSE  shift 34
	INT_LIT  shift 35
	FLOAT_LIT  shift 36
	STR_LIT  shift 37
	ID  shift 38
	.  error

	expr  goto 113
	dirEdgeExpr  goto 40
	edgeExpr  goto 41
	nodeExpr  goto 42


state 81
	expr : expr AND . expr  (50)

	LPAREN  shift 24
	LBRACE  shift 25
	LBRACK  shift 26
	GRAPS  shift 27
	SQUOT  shift 28
	UNDS  shift 29
	MINUS  shift 30
	DIVIDE  shift 31
	NOT  shift 32
	TRUE  shift 33
	FALSE  shift 34
	INT_LIT  shift 35
	FLOAT_LIT  shift 36
	STR_LIT  shift 37
	ID  shift 38
	.  error

	expr  goto 114
	dirEdgeExpr  goto 40
	edgeExpr  goto 41
	nodeExpr  goto 42


state 82
	expr : expr OR . expr  (51)

	LPAREN  shift 24
	LBRACE  shift 25
	LBRACK  shift 26
	GRAPS  shift 27
	SQUOT  shift 28
	UNDS  shift 29
	MINUS  shift 30
	DIVIDE  shift 31
	NOT  shift 32
	TRUE  shift 33
	FALSE  shift 34
	INT_LIT  shift 35
	FLOAT_LIT  shift 36
	STR_LIT  shift 37
	ID  shift 38
	.  error

	expr  goto 115
	dirEdgeExpr  goto 40
	edgeExpr  goto 41
	nodeExpr  goto 42


state 83
	formal_list : typ ID .  (8)

	.  reduce 8


state 84
	fdecl : FUN typ ID LPAREN formals_opt RPAREN . LBRACE vdecl_list stmt_list RBRACE  (5)

	LBRACE  shift 116
	.  error


state 85
	formal_list : formal_list COMMA . typ ID  (9)

	INT  shift 6
	NODE  shift 7
	EDGE  shift 8
	GRAPH  shift 9
	STR  shift 10
	BOOL  shift 11
	LIST  shift 12
	DICT  shift 13
	.  error

	typ  goto 117


state 86
	expr : LPAREN expr RPAREN .  (59)

	.  reduce 59


state 87
	dict_list : STR_LIT COLON . expr  (75)

	LPAREN  shift 24
	LBRACE  shift 25
	LBRACK  shift 26
	GRAPS  shift 27
	SQUOT  shift 28
	UNDS  shift 29
	MINUS  shift 30
	DIVIDE  shift 31
	NOT  shift 32
	TRUE  shift 33
	FALSE  shift 34
	INT_LIT  shift 35
	FLOAT_LIT  shift 36
	STR_LIT  shift 37
	ID  shift 38
	.  error

	expr  goto 118
	dirEdgeExpr  goto 40
	edgeExpr  goto 41
	nodeExpr  goto 42


state 88
	expr : LBRACE dict_opt RBRACE .  (61)

	.  reduce 61


state 89
	dict_list : dict_list COMMA . STR_LIT COLON expr  (76)

	STR_LIT  shift 119
	.  error


state 90
	expr : LBRACK actuals_opt RBRACK .  (60)

	.  reduce 60


state 91
	actuals_list : actuals_list COMMA . expr  (73)

	LPAREN  shift 24
	LBRACE  shift 25
	LBRACK  shift 26
	GRAPS  shift 27
	SQUOT  shift 28
	UNDS  shift 29
	MINUS  shift 30
	DIVIDE  shift 31
	NOT  shift 32
	TRUE  shift 33
	FALSE  shift 34
	INT_LIT  shift 35
	FLOAT_LIT  shift 36
	STR_LIT  shift 37
	ID  shift 38
	.  error

	expr  goto 120
	dirEdgeExpr  goto 40
	edgeExpr  goto 41
	nodeExpr  goto 42


state 92
	expr : GRAPS graph_opt GRAPE .  (39)

	.  reduce 39


state 93
	graph_list : graph_list COMMA . path_list  (80)

	SQUOT  shift 28
	.  error

	nodeExpr  goto 62
	path_list  goto 121


state 94
	nodeExpr : SQUOT expr SQUOT .  (69)

	.  reduce 69


95: shift/reduce conflict (shift 122, reduce 67) on GT
state 95
	dirEdgeExpr : UNDS expr UNDS . dirEdgeExpr2  (66)
	edgeExpr : UNDS expr UNDS .  (67)

	GT  shift 122
	SEMI  reduce 67
	RPAREN  reduce 67
	RBRACE  reduce 67
	COMMA  reduce 67
	RBRACK  reduce 67
	SQUOT  reduce 67
	UNDS  reduce 67
	PLUS  reduce 67
	MINUS  reduce 67
	TIMES  reduce 67
	EXP  reduce 67
	DIVIDE  reduce 67
	MOD  reduce 67
	AMP  reduce 67
	EQ  reduce 67
	NEQ  reduce 67
	LT  reduce 67
	LEQ  reduce 67
	GEQ  reduce 67
	AND  reduce 67
	OR  reduce 67

	dirEdgeExpr2  goto 123


state 96
	expr : expr . PLUS expr  (40)
	expr : expr . MINUS expr  (41)
	expr : expr . TIMES expr  (42)
	expr : expr . DIVIDE expr  (43)
	expr : expr . EQ expr  (44)
	expr : expr . NEQ expr  (45)
	expr : expr . LT expr  (46)
	expr : expr . LEQ expr  (47)
	expr : expr . GT expr  (48)
	expr : expr . GEQ expr  (49)
	expr : expr . AND expr  (50)
	expr : expr . OR expr  (51)
	expr : expr . EXP expr  (52)
	expr : expr . MOD expr  (53)
	expr : expr . AMP expr  (54)
	edgeExpr : UNDS expr . UNDS  (67)

	UNDS  shift 124
	PLUS  shift 68
	MINUS  shift 69
	TIMES  shift 70
	EXP  shift 71
	DIVIDE  shift 72
	MOD  shift 73
	AMP  shift 74
	EQ  shift 75
	NEQ  shift 76
	LT  shift 77
	LEQ  shift 78
	GT  shift 79
	GEQ  shift 80
	AND  shift 81
	OR  shift 82
	.  error


state 97
	expr : DIVIDE graph_template DIVIDE . IN ID  (62)

	IN  shift 125
	.  error


state 98
	path_list : path_list edgeExpr . nodeExpr  (82)

	SQUOT  shift 28
	.  error

	nodeExpr  goto 126


state 99
	expr : ID LPAREN actuals_opt . RPAREN  (58)

	RPAREN  shift 127
	.  error


state 100
	expr : expr . PLUS expr  (40)
	expr : expr . MINUS expr  (41)
	expr : expr . TIMES expr  (42)
	expr : expr . DIVIDE expr  (43)
	expr : expr . EQ expr  (44)
	expr : expr . NEQ expr  (45)
	expr : expr . LT expr  (46)
	expr : expr . LEQ expr  (47)
	expr : expr . GT expr  (48)
	expr : expr . GEQ expr  (49)
	expr : expr . AND expr  (50)
	expr : expr . OR expr  (51)
	expr : expr . EXP expr  (52)
	expr : expr . MOD expr  (53)
	expr : expr . AMP expr  (54)
	expr : ID ASSIGN expr .  (57)

	PLUS  shift 68
	MINUS  shift 69
	TIMES  shift 70
	EXP  shift 71
	DIVIDE  shift 72
	MOD  shift 73
	AMP  shift 74
	EQ  shift 75
	NEQ  shift 76
	LT  shift 77
	LEQ  shift 78
	GT  shift 79
	GEQ  shift 80
	AND  shift 81
	OR  shift 82
	SEMI  reduce 57
	RPAREN  reduce 57
	RBRACE  reduce 57
	COMMA  reduce 57
	RBRACK  reduce 57
	SQUOT  reduce 57
	UNDS  reduce 57


state 101
	expr : expr . PLUS expr  (40)
	expr : expr PLUS expr .  (40)
	expr : expr . MINUS expr  (41)
	expr : expr . TIMES expr  (42)
	expr : expr . DIVIDE expr  (43)
	expr : expr . EQ expr  (44)
	expr : expr . NEQ expr  (45)
	expr : expr . LT expr  (46)
	expr : expr . LEQ expr  (47)
	expr : expr . GT expr  (48)
	expr : expr . GEQ expr  (49)
	expr : expr . AND expr  (50)
	expr : expr . OR expr  (51)
	expr : expr . EXP expr  (52)
	expr : expr . MOD expr  (53)
	expr : expr . AMP expr  (54)

	TIMES  shift 70
	EXP  shift 71
	DIVIDE  shift 72
	MOD  shift 73
	SEMI  reduce 40
	RPAREN  reduce 40
	RBRACE  reduce 40
	COMMA  reduce 40
	RBRACK  reduce 40
	SQUOT  reduce 40
	UNDS  reduce 40
	PLUS  reduce 40
	MINUS  reduce 40
	AMP  reduce 40
	EQ  reduce 40
	NEQ  reduce 40
	LT  reduce 40
	LEQ  reduce 40
	GT  reduce 40
	GEQ  reduce 40
	AND  reduce 40
	OR  reduce 40


state 102
	expr : expr . PLUS expr  (40)
	expr : expr . MINUS expr  (41)
	expr : expr MINUS expr .  (41)
	expr : expr . TIMES expr  (42)
	expr : expr . DIVIDE expr  (43)
	expr : expr . EQ expr  (44)
	expr : expr . NEQ expr  (45)
	expr : expr . LT expr  (46)
	expr : expr . LEQ expr  (47)
	expr : expr . GT expr  (48)
	expr : expr . GEQ expr  (49)
	expr : expr . AND expr  (50)
	expr : expr . OR expr  (51)
	expr : expr . EXP expr  (52)
	expr : expr . MOD expr  (53)
	expr : expr . AMP expr  (54)

	TIMES  shift 70
	EXP  shift 71
	DIVIDE  shift 72
	MOD  shift 73
	SEMI  reduce 41
	RPAREN  reduce 41
	RBRACE  reduce 41
	COMMA  reduce 41
	RBRACK  reduce 41
	SQUOT  reduce 41
	UNDS  reduce 41
	PLUS  reduce 41
	MINUS  reduce 41
	AMP  reduce 41
	EQ  reduce 41
	NEQ  reduce 41
	LT  reduce 41
	LEQ  reduce 41
	GT  reduce 41
	GEQ  reduce 41
	AND  reduce 41
	OR  reduce 41


state 103
	expr : expr . PLUS expr  (40)
	expr : expr . MINUS expr  (41)
	expr : expr . TIMES expr  (42)
	expr : expr TIMES expr .  (42)
	expr : expr . DIVIDE expr  (43)
	expr : expr . EQ expr  (44)
	expr : expr . NEQ expr  (45)
	expr : expr . LT expr  (46)
	expr : expr . LEQ expr  (47)
	expr : expr . GT expr  (48)
	expr : expr . GEQ expr  (49)
	expr : expr . AND expr  (50)
	expr : expr . OR expr  (51)
	expr : expr . EXP expr  (52)
	expr : expr . MOD expr  (53)
	expr : expr . AMP expr  (54)

	EXP  shift 71
	SEMI  reduce 42
	RPAREN  reduce 42
	RBRACE  reduce 42
	COMMA  reduce 42
	RBRACK  reduce 42
	SQUOT  reduce 42
	UNDS  reduce 42
	PLUS  reduce 42
	MINUS  reduce 42
	TIMES  reduce 42
	DIVIDE  reduce 42
	MOD  reduce 42
	AMP  reduce 42
	EQ  reduce 42
	NEQ  reduce 42
	LT  reduce 42
	LEQ  reduce 42
	GT  reduce 42
	GEQ  reduce 42
	AND  reduce 42
	OR  reduce 42


state 104
	expr : expr . PLUS expr  (40)
	expr : expr . MINUS expr  (41)
	expr : expr . TIMES expr  (42)
	expr : expr . DIVIDE expr  (43)
	expr : expr . EQ expr  (44)
	expr : expr . NEQ expr  (45)
	expr : expr . LT expr  (46)
	expr : expr . LEQ expr  (47)
	expr : expr . GT expr  (48)
	expr : expr . GEQ expr  (49)
	expr : expr . AND expr  (50)
	expr : expr . OR expr  (51)
	expr : expr . EXP expr  (52)
	expr : expr EXP expr .  (52)
	expr : expr . MOD expr  (53)
	expr : expr . AMP expr  (54)

	.  reduce 52


state 105
	expr : expr . PLUS expr  (40)
	expr : expr . MINUS expr  (41)
	expr : expr . TIMES expr  (42)
	expr : expr . DIVIDE expr  (43)
	expr : expr DIVIDE expr .  (43)
	expr : expr . EQ expr  (44)
	expr : expr . NEQ expr  (45)
	expr : expr . LT expr  (46)
	expr : expr . LEQ expr  (47)
	expr : expr . GT expr  (48)
	expr : expr . GEQ expr  (49)
	expr : expr . AND expr  (50)
	expr : expr . OR expr  (51)
	expr : expr . EXP expr  (52)
	expr : expr . MOD expr  (53)
	expr : expr . AMP expr  (54)

	EXP  shift 71
	SEMI  reduce 43
	RPAREN  reduce 43
	RBRACE  reduce 43
	COMMA  reduce 43
	RBRACK  reduce 43
	SQUOT  reduce 43
	UNDS  reduce 43
	PLUS  reduce 43
	MINUS  reduce 43
	TIMES  reduce 43
	DIVIDE  reduce 43
	MOD  reduce 43
	AMP  reduce 43
	EQ  reduce 43
	NEQ  reduce 43
	LT  reduce 43
	LEQ  reduce 43
	GT  reduce 43
	GEQ  reduce 43
	AND  reduce 43
	OR  reduce 43


state 106
	expr : expr . PLUS expr  (40)
	expr : expr . MINUS expr  (41)
	expr : expr . TIMES expr  (42)
	expr : expr . DIVIDE expr  (43)
	expr : expr . EQ expr  (44)
	expr : expr . NEQ expr  (45)
	expr : expr . LT expr  (46)
	expr : expr . LEQ expr  (47)
	expr : expr . GT expr  (48)
	expr : expr . GEQ expr  (49)
	expr : expr . AND expr  (50)
	expr : expr . OR expr  (51)
	expr : expr . EXP expr  (52)
	expr : expr . MOD expr  (53)
	expr : expr MOD expr .  (53)
	expr : expr . AMP expr  (54)

	EXP  shift 71
	SEMI  reduce 53
	RPAREN  reduce 53
	RBRACE  reduce 53
	COMMA  reduce 53
	RBRACK  reduce 53
	SQUOT  reduce 53
	UNDS  reduce 53
	PLUS  reduce 53
	MINUS  reduce 53
	TIMES  reduce 53
	DIVIDE  reduce 53
	MOD  reduce 53
	AMP  reduce 53
	EQ  reduce 53
	NEQ  reduce 53
	LT  reduce 53
	LEQ  reduce 53
	GT  reduce 53
	GEQ  reduce 53
	AND  reduce 53
	OR  reduce 53


state 107
	expr : expr . PLUS expr  (40)
	expr : expr . MINUS expr  (41)
	expr : expr . TIMES expr  (42)
	expr : expr . DIVIDE expr  (43)
	expr : expr . EQ expr  (44)
	expr : expr . NEQ expr  (45)
	expr : expr . LT expr  (46)
	expr : expr . LEQ expr  (47)
	expr : expr . GT expr  (48)
	expr : expr . GEQ expr  (49)
	expr : expr . AND expr  (50)
	expr : expr . OR expr  (51)
	expr : expr . EXP expr  (52)
	expr : expr . MOD expr  (53)
	expr : expr . AMP expr  (54)
	expr : expr AMP expr .  (54)

	PLUS  shift 68
	MINUS  shift 69
	TIMES  shift 70
	EXP  shift 71
	DIVIDE  shift 72
	MOD  shift 73
	SEMI  reduce 54
	RPAREN  reduce 54
	RBRACE  reduce 54
	COMMA  reduce 54
	RBRACK  reduce 54
	SQUOT  reduce 54
	UNDS  reduce 54
	AMP  reduce 54
	EQ  reduce 54
	NEQ  reduce 54
	LT  reduce 54
	LEQ  reduce 54
	GT  reduce 54
	GEQ  reduce 54
	AND  reduce 54
	OR  reduce 54


state 108
	expr : expr . PLUS expr  (40)
	expr : expr . MINUS expr  (41)
	expr : expr . TIMES expr  (42)
	expr : expr . DIVIDE expr  (43)
	expr : expr . EQ expr  (44)
	expr : expr EQ expr .  (44)
	expr : expr . NEQ expr  (45)
	expr : expr . LT expr  (46)
	expr : expr . LEQ expr  (47)
	expr : expr . GT expr  (48)
	expr : expr . GEQ expr  (49)
	expr : expr . AND expr  (50)
	expr : expr . OR expr  (51)
	expr : expr . EXP expr  (52)
	expr : expr . MOD expr  (53)
	expr : expr . AMP expr  (54)

	PLUS  shift 68
	MINUS  shift 69
	TIMES  shift 70
	EXP  shift 71
	DIVIDE  shift 72
	MOD  shift 73
	AMP  shift 74
	LT  shift 77
	LEQ  shift 78
	GT  shift 79
	GEQ  shift 80
	SEMI  reduce 44
	RPAREN  reduce 44
	RBRACE  reduce 44
	COMMA  reduce 44
	RBRACK  reduce 44
	SQUOT  reduce 44
	UNDS  reduce 44
	EQ  reduce 44
	NEQ  reduce 44
	AND  reduce 44
	OR  reduce 44


state 109
	expr : expr . PLUS expr  (40)
	expr : expr . MINUS expr  (41)
	expr : expr . TIMES expr  (42)
	expr : expr . DIVIDE expr  (43)
	expr : expr . EQ expr  (44)
	expr : expr . NEQ expr  (45)
	expr : expr NEQ expr .  (45)
	expr : expr . LT expr  (46)
	expr : expr . LEQ expr  (47)
	expr : expr . GT expr  (48)
	expr : expr . GEQ expr  (49)
	expr : expr . AND expr  (50)
	expr : expr . OR expr  (51)
	expr : expr . EXP expr  (52)
	expr : expr . MOD expr  (53)
	expr : expr . AMP expr  (54)

	PLUS  shift 68
	MINUS  shift 69
	TIMES  shift 70
	EXP  shift 71
	DIVIDE  shift 72
	MOD  shift 73
	AMP  shift 74
	LT  shift 77
	LEQ  shift 78
	GT  shift 79
	GEQ  shift 80
	SEMI  reduce 45
	RPAREN  reduce 45
	RBRACE  reduce 45
	COMMA  reduce 45
	RBRACK  reduce 45
	SQUOT  reduce 45
	UNDS  reduce 45
	EQ  reduce 45
	NEQ  reduce 45
	AND  reduce 45
	OR  reduce 45


state 110
	expr : expr . PLUS expr  (40)
	expr : expr . MINUS expr  (41)
	expr : expr . TIMES expr  (42)
	expr : expr . DIVIDE expr  (43)
	expr : expr . EQ expr  (44)
	expr : expr . NEQ expr  (45)
	expr : expr . LT expr  (46)
	expr : expr LT expr .  (46)
	expr : expr . LEQ expr  (47)
	expr : expr . GT expr  (48)
	expr : expr . GEQ expr  (49)
	expr : expr . AND expr  (50)
	expr : expr . OR expr  (51)
	expr : expr . EXP expr  (52)
	expr : expr . MOD expr  (53)
	expr : expr . AMP expr  (54)

	PLUS  shift 68
	MINUS  shift 69
	TIMES  shift 70
	EXP  shift 71
	DIVIDE  shift 72
	MOD  shift 73
	AMP  shift 74
	SEMI  reduce 46
	RPAREN  reduce 46
	RBRACE  reduce 46
	COMMA  reduce 46
	RBRACK  reduce 46
	SQUOT  reduce 46
	UNDS  reduce 46
	EQ  reduce 46
	NEQ  reduce 46
	LT  reduce 46
	LEQ  reduce 46
	GT  reduce 46
	GEQ  reduce 46
	AND  reduce 46
	OR  reduce 46


state 111
	expr : expr . PLUS expr  (40)
	expr : expr . MINUS expr  (41)
	expr : expr . TIMES expr  (42)
	expr : expr . DIVIDE expr  (43)
	expr : expr . EQ expr  (44)
	expr : expr . NEQ expr  (45)
	expr : expr . LT expr  (46)
	expr : expr . LEQ expr  (47)
	expr : expr LEQ expr .  (47)
	expr : expr . GT expr  (48)
	expr : expr . GEQ expr  (49)
	expr : expr . AND expr  (50)
	expr : expr . OR expr  (51)
	expr : expr . EXP expr  (52)
	expr : expr . MOD expr  (53)
	expr : expr . AMP expr  (54)

	PLUS  shift 68
	MINUS  shift 69
	TIMES  shift 70
	EXP  shift 71
	DIVIDE  shift 72
	MOD  shift 73
	AMP  shift 74
	SEMI  reduce 47
	RPAREN  reduce 47
	RBRACE  reduce 47
	COMMA  reduce 47
	RBRACK  reduce 47
	SQUOT  reduce 47
	UNDS  reduce 47
	EQ  reduce 47
	NEQ  reduce 47
	LT  reduce 47
	LEQ  reduce 47
	GT  reduce 47
	GEQ  reduce 47
	AND  reduce 47
	OR  reduce 47


state 112
	expr : expr . PLUS expr  (40)
	expr : expr . MINUS expr  (41)
	expr : expr . TIMES expr  (42)
	expr : expr . DIVIDE expr  (43)
	expr : expr . EQ expr  (44)
	expr : expr . NEQ expr  (45)
	expr : expr . LT expr  (46)
	expr : expr . LEQ expr  (47)
	expr : expr . GT expr  (48)
	expr : expr GT expr .  (48)
	expr : expr . GEQ expr  (49)
	expr : expr . AND expr  (50)
	expr : expr . OR expr  (51)
	expr : expr . EXP expr  (52)
	expr : expr . MOD expr  (53)
	expr : expr . AMP expr  (54)

	PLUS  shift 68
	MINUS  shift 69
	TIMES  shift 70
	EXP  shift 71
	DIVIDE  shift 72
	MOD  shift 73
	AMP  shift 74
	SEMI  reduce 48
	RPAREN  reduce 48
	RBRACE  reduce 48
	COMMA  reduce 48
	RBRACK  reduce 48
	SQUOT  reduce 48
	UNDS  reduce 48
	EQ  reduce 48
	NEQ  reduce 48
	LT  reduce 48
	LEQ  reduce 48
	GT  reduce 48
	GEQ  reduce 48
	AND  reduce 48
	OR  reduce 48


state 113
	expr : expr . PLUS expr  (40)
	expr : expr . MINUS expr  (41)
	expr : expr . TIMES expr  (42)
	expr : expr . DIVIDE expr  (43)
	expr : expr . EQ expr  (44)
	expr : expr . NEQ expr  (45)
	expr : expr . LT expr  (46)
	expr : expr . LEQ expr  (47)
	expr : expr . GT expr  (48)
	expr : expr . GEQ expr  (49)
	expr : expr GEQ expr .  (49)
	expr : expr . AND expr  (50)
	expr : expr . OR expr  (51)
	expr : expr . EXP expr  (52)
	expr : expr . MOD expr  (53)
	expr : expr . AMP expr  (54)

	PLUS  shift 68
	MINUS  shift 69
	TIMES  shift 70
	EXP  shift 71
	DIVIDE  shift 72
	MOD  shift 73
	AMP  shift 74
	SEMI  reduce 49
	RPAREN  reduce 49
	RBRACE  reduce 49
	COMMA  reduce 49
	RBRACK  reduce 49
	SQUOT  reduce 49
	UNDS  reduce 49
	EQ  reduce 49
	NEQ  reduce 49
	LT  reduce 49
	LEQ  reduce 49
	GT  reduce 49
	GEQ  reduce 49
	AND  reduce 49
	OR  reduce 49


state 114
	expr : expr . PLUS expr  (40)
	expr : expr . MINUS expr  (41)
	expr : expr . TIMES expr  (42)
	expr : expr . DIVIDE expr  (43)
	expr : expr . EQ expr  (44)
	expr : expr . NEQ expr  (45)
	expr : expr . LT expr  (46)
	expr : expr . LEQ expr  (47)
	expr : expr . GT expr  (48)
	expr : expr . GEQ expr  (49)
	expr : expr . AND expr  (50)
	expr : expr AND expr .  (50)
	expr : expr . OR expr  (51)
	expr : expr . EXP expr  (52)
	expr : expr . MOD expr  (53)
	expr : expr . AMP expr  (54)

	PLUS  shift 68
	MINUS  shift 69
	TIMES  shift 70
	EXP  shift 71
	DIVIDE  shift 72
	MOD  shift 73
	AMP  shift 74
	EQ  shift 75
	NEQ  shift 76
	LT  shift 77
	LEQ  shift 78
	GT  shift 79
	GEQ  shift 80
	SEMI  reduce 50
	RPAREN  reduce 50
	RBRACE  reduce 50
	COMMA  reduce 50
	RBRACK  reduce 50
	SQUOT  reduce 50
	UNDS  reduce 50
	AND  reduce 50
	OR  reduce 50


state 115
	expr : expr . PLUS expr  (40)
	expr : expr . MINUS expr  (41)
	expr : expr . TIMES expr  (42)
	expr : expr . DIVIDE expr  (43)
	expr : expr . EQ expr  (44)
	expr : expr . NEQ expr  (45)
	expr : expr . LT expr  (46)
	expr : expr . LEQ expr  (47)
	expr : expr . GT expr  (48)
	expr : expr . GEQ expr  (49)
	expr : expr . AND expr  (50)
	expr : expr . OR expr  (51)
	expr : expr OR expr .  (51)
	expr : expr . EXP expr  (52)
	expr : expr . MOD expr  (53)
	expr : expr . AMP expr  (54)

	PLUS  shift 68
	MINUS  shift 69
	TIMES  shift 70
	EXP  shift 71
	DIVIDE  shift 72
	MOD  shift 73
	AMP  shift 74
	EQ  shift 75
	NEQ  shift 76
	LT  shift 77
	LEQ  shift 78
	GT  shift 79
	GEQ  shift 80
	AND  shift 81
	SEMI  reduce 51
	RPAREN  reduce 51
	RBRACE  reduce 51
	COMMA  reduce 51
	RBRACK  reduce 51
	SQUOT  reduce 51
	UNDS  reduce 51
	OR  reduce 51


state 116
	fdecl : FUN typ ID LPAREN formals_opt RPAREN LBRACE . vdecl_list stmt_list RBRACE  (5)
	vdecl_list : .  (18)

	.  reduce 18

	vdecl_list  goto 128


state 117
	formal_list : formal_list COMMA typ . ID  (9)

	ID  shift 129
	.  error


state 118
	expr : expr . PLUS expr  (40)
	expr : expr . MINUS expr  (41)
	expr : expr . TIMES expr  (42)
	expr : expr . DIVIDE expr  (43)
	expr : expr . EQ expr  (44)
	expr : expr . NEQ expr  (45)
	expr : expr . LT expr  (46)
	expr : expr . LEQ expr  (47)
	expr : expr . GT expr  (48)
	expr : expr . GEQ expr  (49)
	expr : expr . AND expr  (50)
	expr : expr . OR expr  (51)
	expr : expr . EXP expr  (52)
	expr : expr . MOD expr  (53)
	expr : expr . AMP expr  (54)
	dict_list : STR_LIT COLON expr .  (75)

	PLUS  shift 68
	MINUS  shift 69
	TIMES  shift 70
	EXP  shift 71
	DIVIDE  shift 72
	MOD  shift 73
	AMP  shift 74
	EQ  shift 75
	NEQ  shift 76
	LT  shift 77
	LEQ  shift 78
	GT  shift 79
	GEQ  shift 80
	AND  shift 81
	OR  shift 82
	RBRACE  reduce 75
	COMMA  reduce 75


state 119
	dict_list : dict_list COMMA STR_LIT . COLON expr  (76)

	COLON  shift 130
	.  error


state 120
	expr : expr . PLUS expr  (40)
	expr : expr . MINUS expr  (41)
	expr : expr . TIMES expr  (42)
	expr : expr . DIVIDE expr  (43)
	expr : expr . EQ expr  (44)
	expr : expr . NEQ expr  (45)
	expr : expr . LT expr  (46)
	expr : expr . LEQ expr  (47)
	expr : expr . GT expr  (48)
	expr : expr . GEQ expr  (49)
	expr : expr . AND expr  (50)
	expr : expr . OR expr  (51)
	expr : expr . EXP expr  (52)
	expr : expr . MOD expr  (53)
	expr : expr . AMP expr  (54)
	actuals_list : actuals_list COMMA expr .  (73)

	PLUS  shift 68
	MINUS  shift 69
	TIMES  shift 70
	EXP  shift 71
	DIVIDE  shift 72
	MOD  shift 73
	AMP  shift 74
	EQ  shift 75
	NEQ  shift 76
	LT  shift 77
	LEQ  shift 78
	GT  shift 79
	GEQ  shift 80
	AND  shift 81
	OR  shift 82
	RPAREN  reduce 73
	COMMA  reduce 73
	RBRACK  reduce 73


state 121
	graph_list : graph_list COMMA path_list .  (80)
	path_list : path_list . edgeExpr nodeExpr  (82)

	UNDS  shift 59
	COMMA  reduce 80
	GRAPE  reduce 80

	edgeExpr  goto 98


state 122
	dirEdgeExpr2 : GT .  (68)

	.  reduce 68


state 123
	dirEdgeExpr : UNDS expr UNDS dirEdgeExpr2 .  (66)

	.  reduce 66


state 124
	edgeExpr : UNDS expr UNDS .  (67)

	.  reduce 67


state 125
	expr : DIVIDE graph_template DIVIDE IN . ID  (62)

	ID  shift 131
	.  error


state 126
	path_list : path_list edgeExpr nodeExpr .  (82)

	.  reduce 82


state 127
	expr : ID LPAREN actuals_opt RPAREN .  (58)

	.  reduce 58


state 128
	fdecl : FUN typ ID LPAREN formals_opt RPAREN LBRACE vdecl_list . stmt_list RBRACE  (5)
	vdecl_list : vdecl_list . vdecl  (19)

	LPAREN  shift 24
	LBRACE  shift 132
	LBRACK  shift 26
	GRAPS  shift 27
	SQUOT  shift 28
	UNDS  shift 29
	MINUS  shift 30
	DIVIDE  shift 31
	NOT  shift 32
	TRUE  shift 33
	FALSE  shift 34
	RETURN  shift 133
	IF  shift 134
	EACH  shift 135
	WHILE  shift 136
	INT  shift 6
	NODE  shift 7
	EDGE  shift 8
	GRAPH  shift 9
	STR  shift 10
	BOOL  shift 11
	LIST  shift 12
	DICT  shift 13
	INT_LIT  shift 35
	FLOAT_LIT  shift 36
	STR_LIT  shift 37
	ID  shift 38
	.  error

	vdecl  goto 137
	typ  goto 17
	stmt_list  goto 138
	expr  goto 139
	stmt  goto 140
	dirEdgeExpr  goto 40
	edgeExpr  goto 41
	nodeExpr  goto 42


state 129
	formal_list : formal_list COMMA typ ID .  (9)

	.  reduce 9


state 130
	dict_list : dict_list COMMA STR_LIT COLON . expr  (76)

	LPAREN  shift 24
	LBRACE  shift 25
	LBRACK  shift 26
	GRAPS  shift 27
	SQUOT  shift 28
	UNDS  shift 29
	MINUS  shift 30
	DIVIDE  shift 31
	NOT  shift 32
	TRUE  shift 33
	FALSE  shift 34
	INT_LIT  shift 35
	FLOAT_LIT  shift 36
	STR_LIT  shift 37
	ID  shift 38
	.  error

	expr  goto 141
	dirEdgeExpr  goto 40
	edgeExpr  goto 41
	nodeExpr  goto 42


state 131
	expr : DIVIDE graph_template DIVIDE IN ID .  (62)

	.  reduce 62


state 132
	stmt : LBRACE . stmt_list RBRACE  (26)
	expr : LBRACE . dict_opt RBRACE  (61)

	LPAREN  shift 24
	LBRACE  shift 132
	LBRACK  shift 26
	GRAPS  shift 27
	SQUOT  shift 28
	UNDS  shift 29
	MINUS  shift 30
	DIVIDE  shift 31
	NOT  shift 32
	TRUE  shift 33
	FALSE  shift 34
	RETURN  shift 133
	IF  shift 134
	EACH  shift 135
	WHILE  shift 136
	INT_LIT  shift 35
	FLOAT_LIT  shift 36
	STR_LIT  shift 142
	ID  shift 38
	.  error

	stmt_list  goto 143
	expr  goto 139
	stmt  goto 140
	dict_opt  goto 48
	dirEdgeExpr  goto 40
	edgeExpr  goto 41
	nodeExpr  goto 42
	dict_list  goto 49


state 133
	stmt : RETURN . expr_opt SEMI  (25)
	expr_opt : .  (31)

	LPAREN  shift 24
	LBRACE  shift 25
	LBRACK  shift 26
	GRAPS  shift 27
	SQUOT  shift 28
	UNDS  shift 29
	MINUS  shift 30
	DIVIDE  shift 31
	NOT  shift 32
	TRUE  shift 33
	FALSE  shift 34
	INT_LIT  shift 35
	FLOAT_LIT  shift 36
	STR_LIT  shift 37
	ID  shift 38
	SEMI  reduce 31

	expr  goto 144
	expr_opt  goto 145
	dirEdgeExpr  goto 40
	edgeExpr  goto 41
	nodeExpr  goto 42


state 134
	stmt : IF . LPAREN expr RPAREN stmt  (27)
	stmt : IF . LPAREN expr RPAREN stmt ELSE stmt  (28)

	LPAREN  shift 146
	.  error


state 135
	stmt : EACH . LPAREN expr RPAREN stmt  (29)

	LPAREN  shift 147
	.  error


state 136
	stmt : WHILE . LPAREN expr RPAREN stmt  (30)

	LPAREN  shift 148
	.  error


state 137
	vdecl_list : vdecl_list vdecl .  (19)

	.  reduce 19


state 138
	fdecl : FUN typ ID LPAREN formals_opt RPAREN LBRACE vdecl_list stmt_list . RBRACE  (5)
	stmt_list : stmt_list . stmt  (23)

	LPAREN  shift 24
	LBRACE  shift 132
	RBRACE  shift 149
	LBRACK  shift 26
	GRAPS  shift 27
	SQUOT  shift 28
	UNDS  shift 29
	MINUS  shift 30
	DIVIDE  shift 31
	NOT  shift 32
	TRUE  shift 33
	FALSE  shift 34
	RETURN  shift 133
	IF  shift 134
	EACH  shift 135
	WHILE  shift 136
	INT_LIT  shift 35
	FLOAT_LIT  shift 36
	STR_LIT  shift 37
	ID  shift 38
	.  error

	expr  goto 139
	stmt  goto 150
	dirEdgeExpr  goto 40
	edgeExpr  goto 41
	nodeExpr  goto 42


state 139
	stmt : expr . SEMI  (24)
	expr : expr . PLUS expr  (40)
	expr : expr . MINUS expr  (41)
	expr : expr . TIMES expr  (42)
	expr : expr . DIVIDE expr  (43)
	expr : expr . EQ expr  (44)
	expr : expr . NEQ expr  (45)
	expr : expr . LT expr  (46)
	expr : expr . LEQ expr  (47)
	expr : expr . GT expr  (48)
	expr : expr . GEQ expr  (49)
	expr : expr . AND expr  (50)
	expr : expr . OR expr  (51)
	expr : expr . EXP expr  (52)
	expr : expr . MOD expr  (53)
	expr : expr . AMP expr  (54)

	SEMI  shift 151
	PLUS  shift 68
	MINUS  shift 69
	TIMES  shift 70
	EXP  shift 71
	DIVIDE  shift 72
	MOD  shift 73
	AMP  shift 74
	EQ  shift 75
	NEQ  shift 76
	LT  shift 77
	LEQ  shift 78
	GT  shift 79
	GEQ  shift 80
	AND  shift 81
	OR  shift 82
	.  error


state 140
	stmt_list : stmt .  (22)

	.  reduce 22


state 141
	expr : expr . PLUS expr  (40)
	expr : expr . MINUS expr  (41)
	expr : expr . TIMES expr  (42)
	expr : expr . DIVIDE expr  (43)
	expr : expr . EQ expr  (44)
	expr : expr . NEQ expr  (45)
	expr : expr . LT expr  (46)
	expr : expr . LEQ expr  (47)
	expr : expr . GT expr  (48)
	expr : expr . GEQ expr  (49)
	expr : expr . AND expr  (50)
	expr : expr . OR expr  (51)
	expr : expr . EXP expr  (52)
	expr : expr . MOD expr  (53)
	expr : expr . AMP expr  (54)
	dict_list : dict_list COMMA STR_LIT COLON expr .  (76)

	PLUS  shift 68
	MINUS  shift 69
	TIMES  shift 70
	EXP  shift 71
	DIVIDE  shift 72
	MOD  shift 73
	AMP  shift 74
	EQ  shift 75
	NEQ  shift 76
	LT  shift 77
	LEQ  shift 78
	GT  shift 79
	GEQ  shift 80
	AND  shift 81
	OR  shift 82
	RBRACE  reduce 76
	COMMA  reduce 76


state 142
	expr : STR_LIT .  (35)
	dict_list : STR_LIT . COLON expr  (75)

	COLON  shift 87
	SEMI  reduce 35
	PLUS  reduce 35
	MINUS  reduce 35
	TIMES  reduce 35
	EXP  reduce 35
	DIVIDE  reduce 35
	MOD  reduce 35
	AMP  reduce 35
	EQ  reduce 35
	NEQ  reduce 35
	LT  reduce 35
	LEQ  reduce 35
	GT  reduce 35
	GEQ  reduce 35
	AND  reduce 35
	OR  reduce 35


state 143
	stmt_list : stmt_list . stmt  (23)
	stmt : LBRACE stmt_list . RBRACE  (26)

	LPAREN  shift 24
	LBRACE  shift 132
	RBRACE  shift 152
	LBRACK  shift 26
	GRAPS  shift 27
	SQUOT  shift 28
	UNDS  shift 29
	MINUS  shift 30
	DIVIDE  shift 31
	NOT  shift 32
	TRUE  shift 33
	FALSE  shift 34
	RETURN  shift 133
	IF  shift 134
	EACH  shift 135
	WHILE  shift 136
	INT_LIT  shift 35
	FLOAT_LIT  shift 36
	STR_LIT  shift 37
	ID  shift 38
	.  error

	expr  goto 139
	stmt  goto 150
	dirEdgeExpr  goto 40
	edgeExpr  goto 41
	nodeExpr  goto 42


state 144
	expr_opt : expr .  (32)
	expr : expr . PLUS expr  (40)
	expr : expr . MINUS expr  (41)
	expr : expr . TIMES expr  (42)
	expr : expr . DIVIDE expr  (43)
	expr : expr . EQ expr  (44)
	expr : expr . NEQ expr  (45)
	expr : expr . LT expr  (46)
	expr : expr . LEQ expr  (47)
	expr : expr . GT expr  (48)
	expr : expr . GEQ expr  (49)
	expr : expr . AND expr  (50)
	expr : expr . OR expr  (51)
	expr : expr . EXP expr  (52)
	expr : expr . MOD expr  (53)
	expr : expr . AMP expr  (54)

	PLUS  shift 68
	MINUS  shift 69
	TIMES  shift 70
	EXP  shift 71
	DIVIDE  shift 72
	MOD  shift 73
	AMP  shift 74
	EQ  shift 75
	NEQ  shift 76
	LT  shift 77
	LEQ  shift 78
	GT  shift 79
	GEQ  shift 80
	AND  shift 81
	OR  shift 82
	SEMI  reduce 32


state 145
	stmt : RETURN expr_opt . SEMI  (25)

	SEMI  shift 153
	.  error


state 146
	stmt : IF LPAREN . expr RPAREN stmt  (27)
	stmt : IF LPAREN . expr RPAREN stmt ELSE stmt  (28)

	LPAREN  shift 24
	LBRACE  shift 25
	LBRACK  shift 26
	GRAPS  shift 27
	SQUOT  shift 28
	UNDS  shift 29
	MINUS  shift 30
	DIVIDE  shift 31
	NOT  shift 32
	TRUE  shift 33
	FALSE  shift 34
	INT_LIT  shift 35
	FLOAT_LIT  shift 36
	STR_LIT  shift 37
	ID  shift 38
	.  error

	expr  goto 154
	dirEdgeExpr  goto 40
	edgeExpr  goto 41
	nodeExpr  goto 42


state 147
	stmt : EACH LPAREN . expr RPAREN stmt  (29)

	LPAREN  shift 24
	LBRACE  shift 25
	LBRACK  shift 26
	GRAPS  shift 27
	SQUOT  shift 28
	UNDS  shift 29
	MINUS  shift 30
	DIVIDE  shift 31
	NOT  shift 32
	TRUE  shift 33
	FALSE  shift 34
	INT_LIT  shift 35
	FLOAT_LIT  shift 36
	STR_LIT  shift 37
	ID  shift 38
	.  error

	expr  goto 155
	dirEdgeExpr  goto 40
	edgeExpr  goto 41
	nodeExpr  goto 42


state 148
	stmt : WHILE LPAREN . expr RPAREN stmt  (30)

	LPAREN  shift 24
	LBRACE  shift 25
	LBRACK  shift 26
	GRAPS  shift 27
	SQUOT  shift 28
	UNDS  shift 29
	MINUS  shift 30
	DIVIDE  shift 31
	NOT  shift 32
	TRUE  shift 33
	FALSE  shift 34
	INT_LIT  shift 35
	FLOAT_LIT  shift 36
	STR_LIT  shift 37
	ID  shift 38
	.  error

	expr  goto 156
	dirEdgeExpr  goto 40
	edgeExpr  goto 41
	nodeExpr  goto 42


state 149
	fdecl : FUN typ ID LPAREN formals_opt RPAREN LBRACE vdecl_list stmt_list RBRACE .  (5)

	.  reduce 5


state 150
	stmt_list : stmt_list stmt .  (23)

	.  reduce 23


state 151
	stmt : expr SEMI .  (24)

	.  reduce 24


state 152
	stmt : LBRACE stmt_list RBRACE .  (26)

	.  reduce 26


state 153
	stmt : RETURN expr_opt SEMI .  (25)

	.  reduce 25


state 154
	stmt : IF LPAREN expr . RPAREN stmt  (27)
	stmt : IF LPAREN expr . RPAREN stmt ELSE stmt  (28)
	expr : expr . PLUS expr  (40)
	expr : expr . MINUS expr  (41)
	expr : expr . TIMES expr  (42)
	expr : expr . DIVIDE expr  (43)
	expr : expr . EQ expr  (44)
	expr : expr . NEQ expr  (45)
	expr : expr . LT expr  (46)
	expr : expr . LEQ expr  (47)
	expr : expr . GT expr  (48)
	expr : expr . GEQ expr  (49)
	expr : expr . AND expr  (50)
	expr : expr . OR expr  (51)
	expr : expr . EXP expr  (52)
	expr : expr . MOD expr  (53)
	expr : expr . AMP expr  (54)

	RPAREN  shift 157
	PLUS  shift 68
	MINUS  shift 69
	TIMES  shift 70
	EXP  shift 71
	DIVIDE  shift 72
	MOD  shift 73
	AMP  shift 74
	EQ  shift 75
	NEQ  shift 76
	LT  shift 77
	LEQ  shift 78
	GT  shift 79
	GEQ  shift 80
	AND  shift 81
	OR  shift 82
	.  error


state 155
	stmt : EACH LPAREN expr . RPAREN stmt  (29)
	expr : expr . PLUS expr  (40)
	expr : expr . MINUS expr  (41)
	expr : expr . TIMES expr  (42)
	expr : expr . DIVIDE expr  (43)
	expr : expr . EQ expr  (44)
	expr : expr . NEQ expr  (45)
	expr : expr . LT expr  (46)
	expr : expr . LEQ expr  (47)
	expr : expr . GT expr  (48)
	expr : expr . GEQ expr  (49)
	expr : expr . AND expr  (50)
	expr : expr . OR expr  (51)
	expr : expr . EXP expr  (52)
	expr : expr . MOD expr  (53)
	expr : expr . AMP expr  (54)

	RPAREN  shift 158
	PLUS  shift 68
	MINUS  shift 69
	TIMES  shift 70
	EXP  shift 71
	DIVIDE  shift 72
	MOD  shift 73
	AMP  shift 74
	EQ  shift 75
	NEQ  shift 76
	LT  shift 77
	LEQ  shift 78
	GT  shift 79
	GEQ  shift 80
	AND  shift 81
	OR  shift 82
	.  error


state 156
	stmt : WHILE LPAREN expr . RPAREN stmt  (30)
	expr : expr . PLUS expr  (40)
	expr : expr . MINUS expr  (41)
	expr : expr . TIMES expr  (42)
	expr : expr . DIVIDE expr  (43)
	expr : expr . EQ expr  (44)
	expr : expr . NEQ expr  (45)
	expr : expr . LT expr  (46)
	expr : expr . LEQ expr  (47)
	expr : expr . GT expr  (48)
	expr : expr . GEQ expr  (49)
	expr : expr . AND expr  (50)
	expr : expr . OR expr  (51)
	expr : expr . EXP expr  (52)
	expr : expr . MOD expr  (53)
	expr : expr . AMP expr  (54)

	RPAREN  shift 159
	PLUS  shift 68
	MINUS  shift 69
	TIMES  shift 70
	EXP  shift 71
	DIVIDE  shift 72
	MOD  shift 73
	AMP  shift 74
	EQ  shift 75
	NEQ  shift 76
	LT  shift 77
	LEQ  shift 78
	GT  shift 79
	GEQ  shift 80
	AND  shift 81
	OR  shift 82
	.  error


state 157
	stmt : IF LPAREN expr RPAREN . stmt  (27)
	stmt : IF LPAREN expr RPAREN . stmt ELSE stmt  (28)

	LPAREN  shift 24
	LBRACE  shift 132
	LBRACK  shift 26
	GRAPS  shift 27
	SQUOT  shift 28
	UNDS  shift 29
	MINUS  shift 30
	DIVIDE  shift 31
	NOT  shift 32
	TRUE  shift 33
	FALSE  shift 34
	RETURN  shift 133
	IF  shift 134
	EACH  shift 135
	WHILE  shift 136
	INT_LIT  shift 35
	FLOAT_LIT  shift 36
	STR_LIT  shift 37
	ID  shift 38
	.  error

	expr  goto 139
	stmt  goto 160
	dirEdgeExpr  goto 40
	edgeExpr  goto 41
	nodeExpr  goto 42


state 158
	stmt : EACH LPAREN expr RPAREN . stmt  (29)

	LPAREN  shift 24
	LBRACE  shift 132
	LBRACK  shift 26
	GRAPS  shift 27
	SQUOT  shift 28
	UNDS  shift 29
	MINUS  shift 30
	DIVIDE  shift 31
	NOT  shift 32
	TRUE  shift 33
	FALSE  shift 34
	RETURN  shift 133
	IF  shift 134
	EACH  shift 135
	WHILE  shift 136
	INT_LIT  shift 35
	FLOAT_LIT  shift 36
	STR_LIT  shift 37
	ID  shift 38
	.  error

	expr  goto 139
	stmt  goto 161
	dirEdgeExpr  goto 40
	edgeExpr  goto 41
	nodeExpr  goto 42


state 159
	stmt : WHILE LPAREN expr RPAREN . stmt  (30)

	LPAREN  shift 24
	LBRACE  shift 132
	LBRACK  shift 26
	GRAPS  shift 27
	SQUOT  shift 28
	UNDS  shift 29
	MINUS  shift 30
	DIVIDE  shift 31
	NOT  shift 32
	TRUE  shift 33
	FALSE  shift 34
	RETURN  shift 133
	IF  shift 134
	EACH  shift 135
	WHILE  shift 136
	INT_LIT  shift 35
	FLOAT_LIT  shift 36
	STR_LIT  shift 37
	ID  shift 38
	.  error

	expr  goto 139
	stmt  goto 162
	dirEdgeExpr  goto 40
	edgeExpr  goto 41
	nodeExpr  goto 42


state 160
	stmt : IF LPAREN expr RPAREN stmt .  (27)
	stmt : IF LPAREN expr RPAREN stmt . ELSE stmt  (28)

	ELSE  shift 163
	LPAREN  reduce 27
	LBRACE  reduce 27
	RBRACE  reduce 27
	LBRACK  reduce 27
	GRAPS  reduce 27
	SQUOT  reduce 27
	UNDS  reduce 27
	MINUS  reduce 27
	DIVIDE  reduce 27
	NOT  reduce 27
	TRUE  reduce 27
	FALSE  reduce 27
	RETURN  reduce 27
	IF  reduce 27
	EACH  reduce 27
	WHILE  reduce 27
	INT_LIT  reduce 27
	FLOAT_LIT  reduce 27
	STR_LIT  reduce 27
	ID  reduce 27


state 161
	stmt : EACH LPAREN expr RPAREN stmt .  (29)

	.  reduce 29


state 162
	stmt : WHILE LPAREN expr RPAREN stmt .  (30)

	.  reduce 30


state 163
	stmt : IF LPAREN expr RPAREN stmt ELSE . stmt  (28)

	LPAREN  shift 24
	LBRACE  shift 132
	LBRACK  shift 26
	GRAPS  shift 27
	SQUOT  shift 28
	UNDS  shift 29
	MINUS  shift 30
	DIVIDE  shift 31
	NOT  shift 32
	TRUE  shift 33
	FALSE  shift 34
	RETURN  shift 133
	IF  shift 134
	EACH  shift 135
	WHILE  shift 136
	INT_LIT  shift 35
	FLOAT_LIT  shift 36
	STR_LIT  shift 37
	ID  shift 38
	.  error

	expr  goto 139
	stmt  goto 164
	dirEdgeExpr  goto 40
	edgeExpr  goto 41
	nodeExpr  goto 42


state 164
	stmt : IF LPAREN expr RPAREN stmt ELSE stmt .  (28)

	.  reduce 28


State 95 contains 1 shift/reduce conflict.


58 terminals, 26 nonterminals
86 grammar rules, 165 states
